<?xml version="1.0" encoding="UTF-8"?>
<testsuite name="aphamale.project.appointment.AppointmentApplicationTests" tests="1" skipped="0" failures="0" errors="0" timestamp="2024-10-01T11:26:38" hostname="GABIN" time="0.781">
  <properties/>
  <testcase name="contextLoads()" classname="aphamale.project.appointment.AppointmentApplicationTests" time="0.781"/>
  <system-out><![CDATA[20:26:31.163 [Test worker] INFO org.springframework.test.context.support.AnnotationConfigContextLoaderUtils -- Could not detect default configuration classes for test class [aphamale.project.appointment.AppointmentApplicationTests]: AppointmentApplicationTests does not declare any static, non-private, non-final, nested classes annotated with @Configuration.
20:26:31.292 [Test worker] INFO org.springframework.boot.test.context.SpringBootTestContextBootstrapper -- Found @SpringBootConfiguration aphamale.project.appointment.AppointmentApplication for test class aphamale.project.appointment.AppointmentApplicationTests

  .   ____          _            __ _ _
 /\\ / ___'_ __ _ _(_)_ __  __ _ \ \ \ \
( ( )\___ | '_ | '_| | '_ \/ _` | \ \ \ \
 \\/  ___)| |_)| | | | | || (_| |  ) ) ) )
  '  |____| .__|_| |_|_| |_\__, | / / / /
 =========|_|==============|___/=/_/_/_/

 :: Spring Boot ::                (v3.3.4)

2024-10-01T20:26:31.828+09:00  INFO 16856 --- [    Test worker] a.p.a.AppointmentApplicationTests        : Starting AppointmentApplicationTests using Java 21.0.4 with PID 16856 (started by gabin in D:\project2_jwt\2back\appointment)
2024-10-01T20:26:31.847+09:00  INFO 16856 --- [    Test worker] a.p.a.AppointmentApplicationTests        : No active profile set, falling back to 1 default profile: "default"
2024-10-01T20:26:32.965+09:00  INFO 16856 --- [    Test worker] .s.d.r.c.RepositoryConfigurationDelegate : Bootstrapping Spring Data JPA repositories in DEFAULT mode.
2024-10-01T20:26:33.122+09:00  INFO 16856 --- [    Test worker] .s.d.r.c.RepositoryConfigurationDelegate : Finished Spring Data repository scanning in 147 ms. Found 6 JPA repository interfaces.
2024-10-01T20:26:33.866+09:00  INFO 16856 --- [    Test worker] o.hibernate.jpa.internal.util.LogHelper  : HHH000204: Processing PersistenceUnitInfo [name: default]
2024-10-01T20:26:33.946+09:00  INFO 16856 --- [    Test worker] org.hibernate.Version                    : HHH000412: Hibernate ORM core version 6.5.3.Final
2024-10-01T20:26:33.991+09:00  INFO 16856 --- [    Test worker] o.h.c.internal.RegionFactoryInitiator    : HHH000026: Second-level cache disabled
2024-10-01T20:26:34.488+09:00  INFO 16856 --- [    Test worker] o.s.o.j.p.SpringPersistenceUnitInfo      : No LoadTimeWeaver setup: ignoring JPA class transformer
2024-10-01T20:26:34.552+09:00  INFO 16856 --- [    Test worker] com.zaxxer.hikari.HikariDataSource       : HikariPool-1 - Starting...
2024-10-01T20:26:34.914+09:00  INFO 16856 --- [    Test worker] com.zaxxer.hikari.pool.HikariPool        : HikariPool-1 - Added connection org.mariadb.jdbc.MariaDbConnection@59a94d0f
2024-10-01T20:26:34.914+09:00  INFO 16856 --- [    Test worker] com.zaxxer.hikari.HikariDataSource       : HikariPool-1 - Start completed.
2024-10-01T20:26:35.996+09:00  INFO 16856 --- [    Test worker] o.h.e.t.j.p.i.JtaPlatformInitiator       : HHH000489: No JTA platform available (set 'hibernate.transaction.jta.platform' to enable JTA platform integration)
2024-10-01T20:26:35.996+09:00  INFO 16856 --- [    Test worker] j.LocalContainerEntityManagerFactoryBean : Initialized JPA EntityManagerFactory for persistence unit 'default'
2024-10-01T20:26:36.725+09:00  INFO 16856 --- [    Test worker] o.s.d.j.r.query.QueryEnhancerFactory     : Hibernate is in classpath; If applicable, HQL parser will be used.
2024-10-01T20:26:37.208+09:00  WARN 16856 --- [    Test worker] JpaBaseConfiguration$JpaWebConfiguration : spring.jpa.open-in-view is enabled by default. Therefore, database queries may be performed during view rendering. Explicitly configure spring.jpa.open-in-view to disable this warning
2024-10-01T20:26:37.255+09:00  WARN 16856 --- [    Test worker] r$InitializeUserDetailsManagerConfigurer : Found 2 UserDetailsService beans, with names [customAdminUserDetailService, customUserDetailService]. Global Authentication Manager will not use a UserDetailsService for username/password login. Consider publishing a single UserDetailsService bean.
2024-10-01T20:26:38.359+09:00  INFO 16856 --- [    Test worker] a.p.a.AppointmentApplicationTests        : Started AppointmentApplicationTests in 6.861 seconds (process running for 8.434)
]]></system-out>
  <system-err><![CDATA[WARNING: A Java agent has been loaded dynamically (C:\Users\rainb\.gradle\caches\modules-2\files-2.1\net.bytebuddy\byte-buddy-agent\1.14.19\154da3a65b4f4a909d3e5bdec55d1b2b4cbb6ce1\byte-buddy-agent-1.14.19.jar)
WARNING: If a serviceability tool is in use, please run with -XX:+EnableDynamicAgentLoading to hide this warning
WARNING: If a serviceability tool is not in use, please run with -Djdk.instrument.traceUsage for more information
WARNING: Dynamic loading of agents will be disallowed by default in a future release
]]></system-err>
</testsuite>
